[31-Mar-2021 08:34:20 UTC] PHP Parse error:  syntax error, unexpected 'is' (T_STRING) in C:\Users\TUF1\Local Sites\fictional-university\app\public\experiment.php on line 2
[31-Mar-2021 08:35:09 UTC] PHP Parse error:  syntax error, unexpected 'is' (T_STRING), expecting ',' or ';' in C:\Users\TUF1\Local Sites\fictional-university\app\public\experiment.php on line 2
[31-Mar-2021 08:35:10 UTC] PHP Parse error:  syntax error, unexpected 'is' (T_STRING), expecting ',' or ';' in C:\Users\TUF1\Local Sites\fictional-university\app\public\experiment.php on line 2
[31-Mar-2021 08:35:13 UTC] PHP Parse error:  syntax error, unexpected 'is' (T_STRING), expecting ',' or ';' in C:\Users\TUF1\Local Sites\fictional-university\app\public\experiment.php on line 2
[31-Mar-2021 08:35:14 UTC] PHP Parse error:  syntax error, unexpected 'is' (T_STRING), expecting ',' or ';' in C:\Users\TUF1\Local Sites\fictional-university\app\public\experiment.php on line 2
[31-Mar-2021 12:45:58 UTC] PHP Parse error:  syntax error, unexpected '<' in C:\Users\TUF1\Local Sites\fictional-university\app\public\wp-content\themes\Fictional-University-Theme\index.php on line 15
[31-Mar-2021 12:46:07 UTC] PHP Parse error:  syntax error, unexpected '<' in C:\Users\TUF1\Local Sites\fictional-university\app\public\wp-content\themes\Fictional-University-Theme\index.php on line 15
[31-Mar-2021 12:46:09 UTC] PHP Parse error:  syntax error, unexpected '<' in C:\Users\TUF1\Local Sites\fictional-university\app\public\wp-content\themes\Fictional-University-Theme\index.php on line 15
[06-Apr-2021 04:55:48 UTC] PHP Parse error:  syntax error, unexpected 'wp_enqueue_style' (T_STRING) in C:\Users\TUF1\Local Sites\fictional-university\app\public\wp-content\themes\Fictional-University-Theme\functions.php on line 5
[06-Apr-2021 04:55:48 UTC] PHP Parse error:  syntax error, unexpected 'wp_enqueue_style' (T_STRING) in C:\Users\TUF1\Local Sites\fictional-university\app\public\wp-content\themes\Fictional-University-Theme\functions.php on line 5
[06-Apr-2021 04:55:50 UTC] PHP Parse error:  syntax error, unexpected 'wp_enqueue_style' (T_STRING) in C:\Users\TUF1\Local Sites\fictional-university\app\public\wp-content\themes\Fictional-University-Theme\functions.php on line 5
[06-Apr-2021 04:55:50 UTC] PHP Parse error:  syntax error, unexpected 'wp_enqueue_style' (T_STRING) in C:\Users\TUF1\Local Sites\fictional-university\app\public\wp-content\themes\Fictional-University-Theme\functions.php on line 5
[06-Apr-2021 08:36:42 UTC] PHP Parse error:  syntax error, unexpected end of file in C:\Users\TUF1\Local Sites\fictional-university\app\public\wp-content\themes\Fictional-University-Theme\functions.php on line 16
[06-Apr-2021 08:36:43 UTC] PHP Parse error:  syntax error, unexpected end of file in C:\Users\TUF1\Local Sites\fictional-university\app\public\wp-content\themes\Fictional-University-Theme\functions.php on line 16
[06-Apr-2021 08:37:09 UTC] PHP Parse error:  syntax error, unexpected end of file in C:\Users\TUF1\Local Sites\fictional-university\app\public\wp-content\themes\Fictional-University-Theme\functions.php on line 16
[06-Apr-2021 08:37:09 UTC] PHP Parse error:  syntax error, unexpected end of file in C:\Users\TUF1\Local Sites\fictional-university\app\public\wp-content\themes\Fictional-University-Theme\functions.php on line 16
[06-Apr-2021 10:32:21 UTC] PHP Parse error:  syntax error, unexpected '<' in C:\Users\TUF1\Local Sites\fictional-university\app\public\wp-content\themes\Fictional-University-Theme\page.php on line 20
[06-Apr-2021 10:33:00 UTC] PHP Parse error:  syntax error, unexpected '}' in C:\Users\TUF1\Local Sites\fictional-university\app\public\wp-content\themes\Fictional-University-Theme\page.php on line 23
[06-Apr-2021 10:33:02 UTC] PHP Parse error:  syntax error, unexpected '}' in C:\Users\TUF1\Local Sites\fictional-university\app\public\wp-content\themes\Fictional-University-Theme\page.php on line 23
[06-Apr-2021 10:33:41 UTC] PHP Parse error:  syntax error, unexpected '}' in C:\Users\TUF1\Local Sites\fictional-university\app\public\wp-content\themes\Fictional-University-Theme\page.php on line 23
[06-Apr-2021 10:33:42 UTC] PHP Parse error:  syntax error, unexpected '}' in C:\Users\TUF1\Local Sites\fictional-university\app\public\wp-content\themes\Fictional-University-Theme\page.php on line 23
[06-Apr-2021 10:39:17 UTC] PHP Warning:  Use of undefined constant x - assumed 'x' (this will throw an Error in a future version of PHP) in C:\Users\TUF1\Local Sites\fictional-university\app\public\wp-content\themes\Fictional-University-Theme\page.php on line 22
[06-Apr-2021 10:39:17 UTC] PHP Stack trace:
[06-Apr-2021 10:39:17 UTC] PHP   1. {main}() C:\Users\TUF1\Local Sites\fictional-university\app\public\index.php:0
[06-Apr-2021 10:39:17 UTC] PHP   2. require() C:\Users\TUF1\Local Sites\fictional-university\app\public\index.php:17
[06-Apr-2021 10:39:17 UTC] PHP   3. require_once() C:\Users\TUF1\Local Sites\fictional-university\app\public\wp-blog-header.php:19
[06-Apr-2021 10:39:17 UTC] PHP   4. include() C:\Users\TUF1\Local Sites\fictional-university\app\public\wp-includes\template-loader.php:106
[06-Apr-2021 10:39:20 UTC] PHP Warning:  Use of undefined constant x - assumed 'x' (this will throw an Error in a future version of PHP) in C:\Users\TUF1\Local Sites\fictional-university\app\public\wp-content\themes\Fictional-University-Theme\page.php on line 22
[06-Apr-2021 10:39:20 UTC] PHP Stack trace:
[06-Apr-2021 10:39:20 UTC] PHP   1. {main}() C:\Users\TUF1\Local Sites\fictional-university\app\public\index.php:0
[06-Apr-2021 10:39:20 UTC] PHP   2. require() C:\Users\TUF1\Local Sites\fictional-university\app\public\index.php:17
[06-Apr-2021 10:39:20 UTC] PHP   3. require_once() C:\Users\TUF1\Local Sites\fictional-university\app\public\wp-blog-header.php:19
[06-Apr-2021 10:39:20 UTC] PHP   4. include() C:\Users\TUF1\Local Sites\fictional-university\app\public\wp-includes\template-loader.php:106
[07-Apr-2021 04:32:25 UTC] PHP Parse error:  syntax error, unexpected '=', expecting ')' in C:\Users\TUF1\Local Sites\fictional-university\app\public\wp-content\themes\Fictional-University-Theme\page.php on line 30
[07-Apr-2021 04:33:02 UTC] PHP Parse error:  syntax error, unexpected '=', expecting ')' in C:\Users\TUF1\Local Sites\fictional-university\app\public\wp-content\themes\Fictional-University-Theme\page.php on line 30
[07-Apr-2021 04:34:31 UTC] PHP Parse error:  syntax error, unexpected '=', expecting ')' in C:\Users\TUF1\Local Sites\fictional-university\app\public\wp-content\themes\Fictional-University-Theme\page.php on line 30
[07-Apr-2021 04:34:32 UTC] PHP Parse error:  syntax error, unexpected '=', expecting ')' in C:\Users\TUF1\Local Sites\fictional-university\app\public\wp-content\themes\Fictional-University-Theme\page.php on line 30
[07-Apr-2021 04:34:33 UTC] PHP Parse error:  syntax error, unexpected '=', expecting ')' in C:\Users\TUF1\Local Sites\fictional-university\app\public\wp-content\themes\Fictional-University-Theme\page.php on line 30
[07-Apr-2021 04:36:06 UTC] PHP Parse error:  syntax error, unexpected ';', expecting ')' in C:\Users\TUF1\Local Sites\fictional-university\app\public\wp-content\themes\Fictional-University-Theme\page.php on line 30
[07-Apr-2021 04:36:07 UTC] PHP Parse error:  syntax error, unexpected ';', expecting ')' in C:\Users\TUF1\Local Sites\fictional-university\app\public\wp-content\themes\Fictional-University-Theme\page.php on line 30
[08-Apr-2021 05:37:56 UTC] PHP Parse error:  syntax error, unexpected 'echo' (T_ECHO) in C:\Users\TUF1\Local Sites\fictional-university\app\public\wp-content\themes\Fictional-University-Theme\header.php on line 20
[08-Apr-2021 05:38:26 UTC] PHP Parse error:  syntax error, unexpected 'echo' (T_ECHO) in C:\Users\TUF1\Local Sites\fictional-university\app\public\wp-content\themes\Fictional-University-Theme\header.php on line 20
[08-Apr-2021 05:39:14 UTC] PHP Parse error:  syntax error, unexpected 'echo' (T_ECHO) in C:\Users\TUF1\Local Sites\fictional-university\app\public\wp-content\themes\Fictional-University-Theme\header.php on line 20
[08-Apr-2021 05:39:16 UTC] PHP Parse error:  syntax error, unexpected 'echo' (T_ECHO) in C:\Users\TUF1\Local Sites\fictional-university\app\public\wp-content\themes\Fictional-University-Theme\header.php on line 20
[08-Apr-2021 05:39:20 UTC] PHP Parse error:  syntax error, unexpected 'echo' (T_ECHO) in C:\Users\TUF1\Local Sites\fictional-university\app\public\wp-content\themes\Fictional-University-Theme\header.php on line 20
[08-Apr-2021 05:40:09 UTC] PHP Parse error:  syntax error, unexpected ')', expecting ',' or ';' in C:\Users\TUF1\Local Sites\fictional-university\app\public\wp-content\themes\Fictional-University-Theme\header.php on line 20
[08-Apr-2021 05:40:11 UTC] PHP Parse error:  syntax error, unexpected ')', expecting ',' or ';' in C:\Users\TUF1\Local Sites\fictional-university\app\public\wp-content\themes\Fictional-University-Theme\header.php on line 20
[08-Apr-2021 05:40:14 UTC] PHP Parse error:  syntax error, unexpected ')', expecting ',' or ';' in C:\Users\TUF1\Local Sites\fictional-university\app\public\wp-content\themes\Fictional-University-Theme\header.php on line 20
[08-Apr-2021 05:40:26 UTC] PHP Parse error:  syntax error, unexpected ')', expecting ',' or ';' in C:\Users\TUF1\Local Sites\fictional-university\app\public\wp-content\themes\Fictional-University-Theme\header.php on line 20
[08-Apr-2021 05:40:27 UTC] PHP Parse error:  syntax error, unexpected ')', expecting ',' or ';' in C:\Users\TUF1\Local Sites\fictional-university\app\public\wp-content\themes\Fictional-University-Theme\header.php on line 20
[08-Apr-2021 12:18:42 UTC] PHP Fatal error:  Uncaught Error: Call to undefined function get_the_catergory_list() in C:\Users\TUF1\Local Sites\fictional-university\app\public\wp-content\themes\Fictional-University-Theme\index.php:24
Stack trace:
#0 C:\Users\TUF1\Local Sites\fictional-university\app\public\wp-includes\template-loader.php(106): include()
#1 C:\Users\TUF1\Local Sites\fictional-university\app\public\wp-blog-header.php(19): require_once('C:\\Users\\TUF1\\L...')
#2 C:\Users\TUF1\Local Sites\fictional-university\app\public\index.php(17): require('C:\\Users\\TUF1\\L...')
#3 {main}
  thrown in C:\Users\TUF1\Local Sites\fictional-university\app\public\wp-content\themes\Fictional-University-Theme\index.php on line 24
[08-Apr-2021 12:19:00 UTC] PHP Fatal error:  Uncaught Error: Call to undefined function get_the_catergory_lists() in C:\Users\TUF1\Local Sites\fictional-university\app\public\wp-content\themes\Fictional-University-Theme\index.php:24
Stack trace:
#0 C:\Users\TUF1\Local Sites\fictional-university\app\public\wp-includes\template-loader.php(106): include()
#1 C:\Users\TUF1\Local Sites\fictional-university\app\public\wp-blog-header.php(19): require_once('C:\\Users\\TUF1\\L...')
#2 C:\Users\TUF1\Local Sites\fictional-university\app\public\index.php(17): require('C:\\Users\\TUF1\\L...')
#3 {main}
  thrown in C:\Users\TUF1\Local Sites\fictional-university\app\public\wp-content\themes\Fictional-University-Theme\index.php on line 24
[08-Apr-2021 12:19:12 UTC] PHP Fatal error:  Uncaught Error: Call to undefined function get_the_catergory_list() in C:\Users\TUF1\Local Sites\fictional-university\app\public\wp-content\themes\Fictional-University-Theme\index.php:24
Stack trace:
#0 C:\Users\TUF1\Local Sites\fictional-university\app\public\wp-includes\template-loader.php(106): include()
#1 C:\Users\TUF1\Local Sites\fictional-university\app\public\wp-blog-header.php(19): require_once('C:\\Users\\TUF1\\L...')
#2 C:\Users\TUF1\Local Sites\fictional-university\app\public\index.php(17): require('C:\\Users\\TUF1\\L...')
#3 {main}
  thrown in C:\Users\TUF1\Local Sites\fictional-university\app\public\wp-content\themes\Fictional-University-Theme\index.php on line 24
[08-Apr-2021 12:19:53 UTC] PHP Fatal error:  Uncaught Error: Call to undefined function get_the_catergory_list() in C:\Users\TUF1\Local Sites\fictional-university\app\public\wp-content\themes\Fictional-University-Theme\index.php:24
Stack trace:
#0 C:\Users\TUF1\Local Sites\fictional-university\app\public\wp-includes\template-loader.php(106): include()
#1 C:\Users\TUF1\Local Sites\fictional-university\app\public\wp-blog-header.php(19): require_once('C:\\Users\\TUF1\\L...')
#2 C:\Users\TUF1\Local Sites\fictional-university\app\public\index.php(17): require('C:\\Users\\TUF1\\L...')
#3 {main}
  thrown in C:\Users\TUF1\Local Sites\fictional-university\app\public\wp-content\themes\Fictional-University-Theme\index.php on line 24
